{
  "RSpec": {
    "coverage": {
      "/Users/student/Code/Makers_Projects/Week_4/Bookmark_Manager/spec/bookmark_spec.rb": {
        "lines": [
          1,
          null,
          1,
          1,
          null,
          1,
          1,
          1,
          1,
          null,
          null,
          null
        ]
      },
      "/Users/student/Code/Makers_Projects/Week_4/Bookmark_Manager/spec/features/features_spec.rb": {
        "lines": [
          null,
          null,
          1,
          1,
          1,
          1,
          null,
          null,
          null,
          1,
          1,
          1,
          1,
          null,
          null
        ]
      }
    },
    "timestamp": 1583774284
  }
}
